<?xml version="1.0" encoding="UTF-8"?>
<testsuite xmlns:xsi="http://www.w3.org/2001/XMLSchema-instance" xsi:noNamespaceSchemaLocation="https://maven.apache.org/surefire/maven-surefire-plugin/xsd/surefire-test-report-3.0.xsd" version="3.0" name="com.luxe.pricing.resolver.PricingResolverQueriesTest" time="3.231" tests="10" errors="0" skipped="0" failures="0">
  <properties>
[...]
</properties>
  <testcase name="federation_entities_resolves_room_type_via_extension" classname="com.luxe.pricing.resolver.PricingResolverQueriesTest" time="0.657">
    <system-out><![CDATA[10:37:54.190 [main] INFO org.springframework.test.context.support.AnnotationConfigContextLoaderUtils -- Could not detect default configuration classes for test class [com.luxe.pricing.resolver.PricingResolverQueriesTest]: PricingResolverQueriesTest does not declare any static, non-private, non-final, nested classes annotated with @Configuration.
10:37:54.249 [main] INFO org.springframework.boot.test.context.SpringBootTestContextBootstrapper -- Found @SpringBootConfiguration com.luxe.pricing.PricingApplication for test class com.luxe.pricing.resolver.PricingResolverQueriesTest

  .   ____          _            __ _ _
 /\\ / ___'_ __ _ _(_)_ __  __ _ \ \ \ \
( ( )\___ | '_ | '_| | '_ \/ _` | \ \ \ \
 \\/  ___)| |_)| | | | | || (_| |  ) ) ) )
  '  |____| .__|_| |_|_| |_\__, | / / / /
 =========|_|==============|___/=/_/_/_/

 :: Spring Boot ::                (v3.3.4)

2026-05-08T10:37:54.807-05:00  INFO 93732 --- [luxe-pricing-service] [           main] c.l.p.r.PricingResolverQueriesTest       : Starting PricingResolverQueriesTest using Java 21.0.2 with PID 93732 (started by lmotati in /Users/lmotati/Workspace-IntelliJ/luxe-hotels-graphqlwithJava/subgraph-pricing)
2026-05-08T10:37:54.807-05:00 DEBUG 93732 --- [luxe-pricing-service] [           main] c.l.p.r.PricingResolverQueriesTest       : Running with Spring Boot v3.3.4, Spring v6.1.13
2026-05-08T10:37:54.807-05:00  INFO 93732 --- [luxe-pricing-service] [           main] c.l.p.r.PricingResolverQueriesTest       : No active profile set, falling back to 1 default profile: "local"
2026-05-08T10:37:55.626-05:00  WARN 93732 --- [luxe-pricing-service] [           main] .s.s.UserDetailsServiceAutoConfiguration : 

Using generated security password: 566f29ba-00bf-4205-b6c8-851c16dea100

This generated password is for development use only. Your security configuration must be updated before running your application in production.

2026-05-08T10:37:55.641-05:00  INFO 93732 --- [luxe-pricing-service] [           main] r$InitializeUserDetailsManagerConfigurer : Global AuthenticationManager configured with UserDetailsService bean with name inMemoryUserDetailsManager
2026-05-08T10:37:56.009-05:00  INFO 93732 --- [luxe-pricing-service] [           main] c.n.g.d.s.ReloadableGraphQLSource        : Rebuilding GraphQLSource
2026-05-08T10:37:56.272-05:00  INFO 93732 --- [luxe-pricing-service] [           main] s.b.a.g.s.GraphQlWebMvcAutoConfiguration : GraphQL endpoint HTTP POST /graphql
2026-05-08T10:37:56.336-05:00  INFO 93732 --- [luxe-pricing-service] [           main] o.s.b.a.e.web.EndpointLinksResolver      : Exposing 3 endpoints beneath base path '/actuator'
2026-05-08T10:37:56.599-05:00  INFO 93732 --- [luxe-pricing-service] [           main] c.l.p.r.PricingResolverQueriesTest       : Started PricingResolverQueriesTest in 2.268 seconds (process running for 2.969)
2026-05-08T10:37:57.247-05:00  INFO 93732 --- [luxe-pricing-service] [           main] com.luxe.common.GraphQL                  : >> (anonymous) variables={reps=[{__typename=RoomType, id=rt-paris-dlx-001}]} query="query($reps: [_Any!]!) { _entities(representations: $reps) { __typename ... on RoomType { id } } }"
2026-05-08T10:37:57.285-05:00  INFO 93732 --- [luxe-pricing-service] [           main] com.luxe.common.GraphQL                  : << (anonymous) done in 38ms
]]></system-out>
    <system-err><![CDATA[WARNING: A Java agent has been loaded dynamically (/Users/lmotati/.m2/repository/net/bytebuddy/byte-buddy-agent/1.14.19/byte-buddy-agent-1.14.19.jar)
WARNING: If a serviceability tool is in use, please run with -XX:+EnableDynamicAgentLoading to hide this warning
WARNING: If a serviceability tool is not in use, please run with -Djdk.instrument.traceUsage for more information
WARNING: Dynamic loading of agents will be disallowed by default in a future release
]]></system-err>
  </testcase>
  <testcase name="rate_plan_by_unknown_id_returns_null" classname="com.luxe.pricing.resolver.PricingResolverQueriesTest" time="0.049">
    <system-out><![CDATA[2026-05-08T10:37:57.292-05:00  INFO 93732 --- [luxe-pricing-service] [           main] com.luxe.common.GraphQL                  : >> (anonymous) variables={} query="{ ratePlan(id: "not-real") { id } }"
2026-05-08T10:37:57.293-05:00  INFO 93732 --- [luxe-pricing-service] [           main] com.luxe.common.GraphQL                  : << (anonymous) done in 1ms
]]></system-out>
  </testcase>
  <testcase name="promotion_by_unknown_code_returns_null" classname="com.luxe.pricing.resolver.PricingResolverQueriesTest" time="0.005">
    <system-out><![CDATA[2026-05-08T10:37:57.341-05:00  INFO 93732 --- [luxe-pricing-service] [           main] com.luxe.common.GraphQL                  : >> (anonymous) variables={} query="{ promotion(code: "NOT-REAL") { code } }"
2026-05-08T10:37:57.342-05:00  INFO 93732 --- [luxe-pricing-service] [           main] com.luxe.common.GraphQL                  : << (anonymous) done in 1ms
]]></system-out>
  </testcase>
  <testcase name="package_query_by_unknown_id_returns_null" classname="com.luxe.pricing.resolver.PricingResolverQueriesTest" time="0.004">
    <system-out><![CDATA[2026-05-08T10:37:57.347-05:00  INFO 93732 --- [luxe-pricing-service] [           main] com.luxe.common.GraphQL                  : >> (anonymous) variables={} query="{ package(id: "not-real") { id } }"
2026-05-08T10:37:57.349-05:00  INFO 93732 --- [luxe-pricing-service] [           main] com.luxe.common.GraphQL                  : << (anonymous) done in 2ms
]]></system-out>
  </testcase>
  <testcase name="federation_entities_resolves_rate_by_key_returns_existing_or_null" classname="com.luxe.pricing.resolver.PricingResolverQueriesTest" time="0.003">
    <system-out><![CDATA[2026-05-08T10:37:57.351-05:00  INFO 93732 --- [luxe-pricing-service] [           main] com.luxe.common.GraphQL                  : >> (anonymous) variables={reps=[{__typename=Rate, id=rate-not-real}]} query="query($reps: [_Any!]!) { _entities(representations: $reps) { __typename ... on Rate { id } } }"
2026-05-08T10:37:57.352-05:00 ERROR 93732 --- [luxe-pricing-service] [           main] c.n.g.d.f.DefaultDgsFederationResolver   : @DgsEntityFetcher returned null for type: Rate
2026-05-08T10:37:57.352-05:00  INFO 93732 --- [luxe-pricing-service] [           main] com.luxe.common.GraphQL                  : << (anonymous) done in 1ms
]]></system-out>
  </testcase>
  <testcase name="promotions_query_with_member_only_filter" classname="com.luxe.pricing.resolver.PricingResolverQueriesTest" time="0.006">
    <system-out><![CDATA[2026-05-08T10:37:57.353-05:00  INFO 93732 --- [luxe-pricing-service] [           main] com.luxe.common.GraphQL                  : >> (anonymous) variables={} query="{ promotions(memberOnly: true) { code memberOnly } }"
2026-05-08T10:37:57.357-05:00  INFO 93732 --- [luxe-pricing-service] [           main] com.luxe.common.GraphQL                  : << (anonymous) done in 4ms
]]></system-out>
  </testcase>
  <testcase name="gift_card_balance_unknown_code_returns_null" classname="com.luxe.pricing.resolver.PricingResolverQueriesTest" time="0.002">
    <system-out><![CDATA[2026-05-08T10:37:57.360-05:00  INFO 93732 --- [luxe-pricing-service] [           main] com.luxe.common.GraphQL                  : >> (anonymous) variables={} query="{ giftCardBalance(code: "GIFT-NOT-REAL") { code balance { amount currency } } }"
2026-05-08T10:37:57.361-05:00  INFO 93732 --- [luxe-pricing-service] [           main] com.luxe.common.GraphQL                  : << (anonymous) done in 1ms
]]></system-out>
  </testcase>
  <testcase name="federation_entities_resolves_promotion_by_key" classname="com.luxe.pricing.resolver.PricingResolverQueriesTest" time="0.003">
    <system-out><![CDATA[2026-05-08T10:37:57.363-05:00  INFO 93732 --- [luxe-pricing-service] [           main] com.luxe.common.GraphQL                  : >> (anonymous) variables={} query="{ promotions(first: 1) { id } }"
2026-05-08T10:37:57.364-05:00  INFO 93732 --- [luxe-pricing-service] [           main] com.luxe.common.GraphQL                  : << (anonymous) done in 1ms
2026-05-08T10:37:57.365-05:00  INFO 93732 --- [luxe-pricing-service] [           main] com.luxe.common.GraphQL                  : >> (anonymous) variables={reps=[{__typename=Promotion, id=promo-summer25}]} query="query($reps: [_Any!]!) { _entities(representations: $reps) { __typename ... on Promotion { id } } }"
2026-05-08T10:37:57.366-05:00 ERROR 93732 --- [luxe-pricing-service] [           main] c.n.g.d.f.DefaultDgsFederationResolver   : @DgsEntityFetcher returned null for type: Promotion
2026-05-08T10:37:57.366-05:00  INFO 93732 --- [luxe-pricing-service] [           main] com.luxe.common.GraphQL                  : << (anonymous) done in 1ms
]]></system-out>
  </testcase>
  <testcase name="promotions_query_with_first_caps_results" classname="com.luxe.pricing.resolver.PricingResolverQueriesTest" time="0.001">
    <system-out><![CDATA[2026-05-08T10:37:57.367-05:00  INFO 93732 --- [luxe-pricing-service] [           main] com.luxe.common.GraphQL                  : >> (anonymous) variables={} query="{ promotions(first: 1) { code } }"
2026-05-08T10:37:57.368-05:00  INFO 93732 --- [luxe-pricing-service] [           main] com.luxe.common.GraphQL                  : << (anonymous) done in 1ms
]]></system-out>
  </testcase>
  <testcase name="validate_rate_with_invalid_token_returns_rate_expired_error" classname="com.luxe.pricing.resolver.PricingResolverQueriesTest" time="0.003">
    <system-out><![CDATA[2026-05-08T10:37:57.369-05:00  INFO 93732 --- [luxe-pricing-service] [           main] com.luxe.common.GraphQL                  : >> (anonymous) variables={} query="{ validateRate(rateToken: "bogus-token") { ... on Rate { id } ... on RateExpiredError { __typename code message } } }"
2026-05-08T10:37:57.371-05:00  INFO 93732 --- [luxe-pricing-service] [           main] com.luxe.common.GraphQL                  : << (anonymous) done in 2ms
]]></system-out>
  </testcase>
</testsuite>