<?xml version="1.0" encoding="UTF-8"?>
<testsuite xmlns:xsi="http://www.w3.org/2001/XMLSchema-instance" xsi:noNamespaceSchemaLocation="https://maven.apache.org/surefire/maven-surefire-plugin/xsd/surefire-test-report-3.0.xsd" version="3.0" name="com.luxe.common.pagination.ConnectionTest" time="0.083" tests="10" errors="0" skipped="0" failures="0">
  <properties>
[...]
</properties>
  <testcase name="single_page_no_paging_needed" classname="com.luxe.common.pagination.ConnectionTest" time="0.068"/>
  <testcase name="null_input_returns_empty_connection" classname="com.luxe.common.pagination.ConnectionTest" time="0.001"/>
  <testcase name="after_cursor_decodes_id_and_skips_to_next_item" classname="com.luxe.common.pagination.ConnectionTest" time="0.002"/>
  <testcase name="empty_input_returns_empty_connection" classname="com.luxe.common.pagination.ConnectionTest" time="0.0"/>
  <testcase name="after_cursor_at_end_returns_empty_page" classname="com.luxe.common.pagination.ConnectionTest" time="0.0"/>
  <testcase name="cursor_is_base64_of_id" classname="com.luxe.common.pagination.ConnectionTest" time="0.001"/>
  <testcase name="total_count_reflects_full_input_not_page_size" classname="com.luxe.common.pagination.ConnectionTest" time="0.0"/>
  <testcase name="start_and_end_cursor_bracket_the_page" classname="com.luxe.common.pagination.ConnectionTest" time="0.0"/>
  <testcase name="of_all_returns_everything_without_paging_arguments" classname="com.luxe.common.pagination.ConnectionTest" time="0.0"/>
  <testcase name="first_smaller_than_total_indicates_next_page" classname="com.luxe.common.pagination.ConnectionTest" time="0.0"/>
</testsuite>