<?xml version="1.0" encoding="UTF-8"?>
<testsuite xmlns:xsi="http://www.w3.org/2001/XMLSchema-instance" xsi:noNamespaceSchemaLocation="https://maven.apache.org/surefire/maven-surefire-plugin/xsd/surefire-test-report-3.0.xsd" version="3.0" name="com.luxe.guest.resolver.GuestAuthenticatedTest" time="2.671" tests="13" errors="0" skipped="0" failures="0">
  <properties>
[...]
</properties>
  <testcase name="update_preferences_returns_merged_preferences" classname="com.luxe.guest.resolver.GuestAuthenticatedTest" time="0.498">
    <system-out><![CDATA[17:56:38.334 [main] INFO org.springframework.boot.test.context.SpringBootTestContextBootstrapper -- Found @SpringBootConfiguration com.luxe.guest.GuestApplication for test class com.luxe.guest.resolver.GuestAuthenticatedTest

  .   ____          _            __ _ _
 /\\ / ___'_ __ _ _(_)_ __  __ _ \ \ \ \
( ( )\___ | '_ | '_| | '_ \/ _` | \ \ \ \
 \\/  ___)| |_)| | | | | || (_| |  ) ) ) )
  '  |____| .__|_| |_|_| |_\__, | / / / /
 =========|_|==============|___/=/_/_/_/

 :: Spring Boot ::                (v3.3.4)

2026-05-06T17:56:38.855-05:00  INFO 15805 --- [luxe-guest-service] [           main] c.l.g.resolver.GuestAuthenticatedTest    : Starting GuestAuthenticatedTest using Java 21.0.2 with PID 15805 (started by lmotati in /Users/lmotati/Workspace-IntelliJ/luxe-hotels-graphqlwithJava/subgraph-guest)
2026-05-06T17:56:38.856-05:00  INFO 15805 --- [luxe-guest-service] [           main] c.l.g.resolver.GuestAuthenticatedTest    : No active profile set, falling back to 1 default profile: "default"
2026-05-06T17:56:39.541-05:00  WARN 15805 --- [luxe-guest-service] [           main] .s.s.UserDetailsServiceAutoConfiguration : 

Using generated security password: 4233b98e-2e8a-4152-b39f-90b4c997856a

This generated password is for development use only. Your security configuration must be updated before running your application in production.

2026-05-06T17:56:39.552-05:00  INFO 15805 --- [luxe-guest-service] [           main] r$InitializeUserDetailsManagerConfigurer : Global AuthenticationManager configured with UserDetailsService bean with name inMemoryUserDetailsManager
2026-05-06T17:56:39.825-05:00  INFO 15805 --- [luxe-guest-service] [           main] c.n.g.d.s.ReloadableGraphQLSource        : Rebuilding GraphQLSource
2026-05-06T17:56:40.074-05:00  INFO 15805 --- [luxe-guest-service] [           main] s.b.a.g.s.GraphQlWebMvcAutoConfiguration : GraphQL endpoint HTTP POST /graphql
2026-05-06T17:56:40.125-05:00  INFO 15805 --- [luxe-guest-service] [           main] o.s.b.a.e.web.EndpointLinksResolver      : Exposing 3 endpoints beneath base path '/actuator'
2026-05-06T17:56:40.303-05:00  INFO 15805 --- [luxe-guest-service] [           main] c.l.g.resolver.GuestAuthenticatedTest    : Started GuestAuthenticatedTest in 1.887 seconds (process running for 2.536)
]]></system-out>
    <system-err><![CDATA[WARNING: A Java agent has been loaded dynamically (/Users/lmotati/.m2/repository/net/bytebuddy/byte-buddy-agent/1.14.19/byte-buddy-agent-1.14.19.jar)
WARNING: If a serviceability tool is in use, please run with -XX:+EnableDynamicAgentLoading to hide this warning
WARNING: If a serviceability tool is not in use, please run with -Djdk.instrument.traceUsage for more information
WARNING: Dynamic loading of agents will be disallowed by default in a future release
]]></system-err>
  </testcase>
  <testcase name="save_hotel_returns_saved_hotel_record" classname="com.luxe.guest.resolver.GuestAuthenticatedTest" time="0.003"/>
  <testcase name="guest_by_id_returns_seeded_guest_when_property_staff" classname="com.luxe.guest.resolver.GuestAuthenticatedTest" time="0.004"/>
  <testcase name="sign_out_returns_true_when_authenticated" classname="com.luxe.guest.resolver.GuestAuthenticatedTest" time="0.001"/>
  <testcase name="set_default_payment_method_returns_null_for_unknown_id" classname="com.luxe.guest.resolver.GuestAuthenticatedTest" time="0.002"/>
  <testcase name="remove_payment_method_returns_true_when_authenticated" classname="com.luxe.guest.resolver.GuestAuthenticatedTest" time="0.002"/>
  <testcase name="remove_travel_companion_returns_true_when_authenticated" classname="com.luxe.guest.resolver.GuestAuthenticatedTest" time="0.001"/>
  <testcase name="me_returns_authenticated_guest" classname="com.luxe.guest.resolver.GuestAuthenticatedTest" time="0.002"/>
  <testcase name="unsave_hotel_returns_true_when_authenticated" classname="com.luxe.guest.resolver.GuestAuthenticatedTest" time="0.001"/>
  <testcase name="add_travel_companion_returns_companion" classname="com.luxe.guest.resolver.GuestAuthenticatedTest" time="0.002"/>
  <testcase name="update_guest_profile_returns_updated_profile" classname="com.luxe.guest.resolver.GuestAuthenticatedTest" time="0.004"/>
  <testcase name="add_payment_method_returns_payment_method_in_union" classname="com.luxe.guest.resolver.GuestAuthenticatedTest" time="0.002"/>
  <testcase name="guests_pagination_returns_relay_connection_for_admin" classname="com.luxe.guest.resolver.GuestAuthenticatedTest" time="0.007"/>
</testsuite>