<?xml version="1.0" encoding="UTF-8"?>
<testsuite xmlns:xsi="http://www.w3.org/2001/XMLSchema-instance" xsi:noNamespaceSchemaLocation="https://maven.apache.org/surefire/maven-surefire-plugin/xsd/surefire-test-report-3.0.xsd" version="3.0" name="com.luxe.meetings.resolver.MeetingsAuthenticatedTest" time="2.963" tests="7" errors="0" skipped="0" failures="0">
  <properties>
[...]
</properties>
  <testcase name="submit_rfp_persists_new_rfp" classname="com.luxe.meetings.resolver.MeetingsAuthenticatedTest" time="0.482">
    <system-out><![CDATA[10:38:14.987 [main] INFO org.springframework.boot.test.context.SpringBootTestContextBootstrapper -- Found @SpringBootConfiguration com.luxe.meetings.MeetingsApplication for test class com.luxe.meetings.resolver.MeetingsAuthenticatedTest

  .   ____          _            __ _ _
 /\\ / ___'_ __ _ _(_)_ __  __ _ \ \ \ \
( ( )\___ | '_ | '_| | '_ \/ _` | \ \ \ \
 \\/  ___)| |_)| | | | | || (_| |  ) ) ) )
  '  |____| .__|_| |_|_| |_\__, | / / / /
 =========|_|==============|___/=/_/_/_/

 :: Spring Boot ::                (v3.3.4)

2026-05-08T10:38:15.564-05:00  INFO 93915 --- [luxe-meetings-service] [           main] c.l.m.r.MeetingsAuthenticatedTest        : Starting MeetingsAuthenticatedTest using Java 21.0.2 with PID 93915 (started by lmotati in /Users/lmotati/Workspace-IntelliJ/luxe-hotels-graphqlwithJava/subgraph-meetings)
2026-05-08T10:38:15.565-05:00 DEBUG 93915 --- [luxe-meetings-service] [           main] c.l.m.r.MeetingsAuthenticatedTest        : Running with Spring Boot v3.3.4, Spring v6.1.13
2026-05-08T10:38:15.565-05:00  INFO 93915 --- [luxe-meetings-service] [           main] c.l.m.r.MeetingsAuthenticatedTest        : No active profile set, falling back to 1 default profile: "local"
2026-05-08T10:38:16.402-05:00  WARN 93915 --- [luxe-meetings-service] [           main] .s.s.UserDetailsServiceAutoConfiguration : 

Using generated security password: e9222cd6-4d6e-4cc1-adb6-56e0f4c8be95

This generated password is for development use only. Your security configuration must be updated before running your application in production.

2026-05-08T10:38:16.414-05:00  INFO 93915 --- [luxe-meetings-service] [           main] r$InitializeUserDetailsManagerConfigurer : Global AuthenticationManager configured with UserDetailsService bean with name inMemoryUserDetailsManager
2026-05-08T10:38:16.685-05:00  INFO 93915 --- [luxe-meetings-service] [           main] c.n.g.d.s.ReloadableGraphQLSource        : Rebuilding GraphQLSource
2026-05-08T10:38:16.976-05:00  INFO 93915 --- [luxe-meetings-service] [           main] s.b.a.g.s.GraphQlWebMvcAutoConfiguration : GraphQL endpoint HTTP POST /graphql
2026-05-08T10:38:17.019-05:00  INFO 93915 --- [luxe-meetings-service] [           main] o.s.b.a.e.web.EndpointLinksResolver      : Exposing 3 endpoints beneath base path '/actuator'
2026-05-08T10:38:17.218-05:00  INFO 93915 --- [luxe-meetings-service] [           main] c.l.m.r.MeetingsAuthenticatedTest        : Started MeetingsAuthenticatedTest in 2.156 seconds (process running for 2.829)
2026-05-08T10:38:17.691-05:00  INFO 93915 --- [luxe-meetings-service] [           main] com.luxe.common.GraphQL                  : >> (anonymous) variables={} query="mutation { submitRFP(input: { organizer: "Test Organizer", organization: "Test Co", contactEmail: "test@test.example", contactPhone: "+1-555-0001", eventName: "Test Event", eventType: BOARD_RETREAT, s…"
2026-05-08T10:38:17.727-05:00  INFO 93915 --- [luxe-meetings-service] [           main] com.luxe.common.GraphQL                  : << (anonymous) done in 36ms
]]></system-out>
    <system-err><![CDATA[WARNING: A Java agent has been loaded dynamically (/Users/lmotati/.m2/repository/net/bytebuddy/byte-buddy-agent/1.14.19/byte-buddy-agent-1.14.19.jar)
WARNING: If a serviceability tool is in use, please run with -XX:+EnableDynamicAgentLoading to hide this warning
WARNING: If a serviceability tool is not in use, please run with -Djdk.instrument.traceUsage for more information
WARNING: Dynamic loading of agents will be disallowed by default in a future release
]]></system-err>
  </testcase>
  <testcase name="my_rfps_returns_paginated_list_for_authenticated_organizer" classname="com.luxe.meetings.resolver.MeetingsAuthenticatedTest" time="0.054">
    <system-out><![CDATA[2026-05-08T10:38:17.734-05:00  INFO 93915 --- [luxe-meetings-service] [           main] com.luxe.common.GraphQL                  : >> (anonymous) variables={} query="{ myRFPs { totalCount edges { node { id status } } } }"
2026-05-08T10:38:17.737-05:00  INFO 93915 --- [luxe-meetings-service] [           main] com.luxe.common.GraphQL                  : << (anonymous) done in 3ms
]]></system-out>
  </testcase>
  <testcase name="book_group_room_creates_block" classname="com.luxe.meetings.resolver.MeetingsAuthenticatedTest" time="0.004">
    <system-out><![CDATA[2026-05-08T10:38:17.789-05:00  INFO 93915 --- [luxe-meetings-service] [           main] com.luxe.common.GraphQL                  : >> (anonymous) variables={} query="mutation { bookGroupRoom(input: { rfpId: "rfp-001", hotelId: "prop-paris-001", startDate: "2026-09-01", endDate: "2026-09-04", rooms: 25, rate: 450, currency: "EUR", cutoffDate: "2026-08-15" }, idempo…"
2026-05-08T10:38:17.791-05:00  INFO 93915 --- [luxe-meetings-service] [           main] com.luxe.common.GraphQL                  : << (anonymous) done in 2ms
]]></system-out>
  </testcase>
  <testcase name="cancel_unknown_rfp_returns_not_found" classname="com.luxe.meetings.resolver.MeetingsAuthenticatedTest" time="0.004">
    <system-out><![CDATA[2026-05-08T10:38:17.793-05:00  INFO 93915 --- [luxe-meetings-service] [           main] com.luxe.common.GraphQL                  : >> (anonymous) variables={} query="mutation { cancelRFP(rfpId: "rfp-not-real", reason: "X") { __typename ... on RFP { id } ... on NotFoundError { code } ... on ValidationError { code } } }"
2026-05-08T10:38:17.795-05:00  INFO 93915 --- [luxe-meetings-service] [           main] com.luxe.common.GraphQL                  : << (anonymous) done in 1ms
]]></system-out>
  </testcase>
  <testcase name="cancel_rfp_marks_status_cancelled" classname="com.luxe.meetings.resolver.MeetingsAuthenticatedTest" time="0.003">
    <system-out><![CDATA[2026-05-08T10:38:17.797-05:00  INFO 93915 --- [luxe-meetings-service] [           main] com.luxe.common.GraphQL                  : >> (anonymous) variables={} query="mutation { cancelRFP(rfpId: "rfp-002", reason: "Plans changed") { __typename ... on RFP { id status } ... on NotFoundError { code } ... on ValidationError { code } } }"
2026-05-08T10:38:17.798-05:00  INFO 93915 --- [luxe-meetings-service] [           main] com.luxe.common.GraphQL                  : << (anonymous) done in 1ms
]]></system-out>
  </testcase>
  <testcase name="update_rfp_unknown_id_returns_not_found" classname="com.luxe.meetings.resolver.MeetingsAuthenticatedTest" time="0.003">
    <system-out><![CDATA[2026-05-08T10:38:17.799-05:00  INFO 93915 --- [luxe-meetings-service] [           main] com.luxe.common.GraphQL                  : >> (anonymous) variables={} query="mutation { updateRFP(rfpId: "rfp-not-real", input: { attendees: 10 }) { __typename ... on RFP { id } ... on NotFoundError { code } ... on ValidationError { code } } }"
2026-05-08T10:38:17.801-05:00  INFO 93915 --- [luxe-meetings-service] [           main] com.luxe.common.GraphQL                  : << (anonymous) done in 2ms
]]></system-out>
  </testcase>
  <testcase name="update_rfp_returns_updated_rfp" classname="com.luxe.meetings.resolver.MeetingsAuthenticatedTest" time="0.002">
    <system-out><![CDATA[2026-05-08T10:38:17.803-05:00  INFO 93915 --- [luxe-meetings-service] [           main] com.luxe.common.GraphQL                  : >> (anonymous) variables={} query="mutation { updateRFP(rfpId: "rfp-001", input: { attendees: 100 }) { ... on RFP { id attendees } ... on NotFoundError { code } ... on ValidationError { code } } }"
2026-05-08T10:38:17.804-05:00  INFO 93915 --- [luxe-meetings-service] [           main] com.luxe.common.GraphQL                  : << (anonymous) done in 1ms
]]></system-out>
  </testcase>
</testsuite>