<?xml version="1.0" encoding="UTF-8"?>
<testsuite xmlns:xsi="http://www.w3.org/2001/XMLSchema-instance" xsi:noNamespaceSchemaLocation="https://maven.apache.org/surefire/maven-surefire-plugin/xsd/surefire-test-report-3.0.xsd" version="3.0" name="com.luxe.corporate.resolver.CorporateAuthenticatedTest" time="0.443" tests="16" errors="0" skipped="0" failures="0">
  <properties>
[...]
</properties>
  <testcase name="add_corporate_traveler_unknown_account_returns_not_found" classname="com.luxe.corporate.resolver.CorporateAuthenticatedTest" time="0.064">
    <system-out><![CDATA[2026-05-08T10:38:26.110-05:00  INFO 93990 --- [luxe-corporate-service] [           main] .b.t.c.SpringBootTestContextBootstrapper : Found @SpringBootConfiguration com.luxe.corporate.CorporateApplication for test class com.luxe.corporate.resolver.CorporateAuthenticatedTest

  .   ____          _            __ _ _
 /\\ / ___'_ __ _ _(_)_ __  __ _ \ \ \ \
( ( )\___ | '_ | '_| | '_ \/ _` | \ \ \ \
 \\/  ___)| |_)| | | | | || (_| |  ) ) ) )
  '  |____| .__|_| |_|_| |_\__, | / / / /
 =========|_|==============|___/=/_/_/_/

 :: Spring Boot ::                (v3.3.4)

2026-05-08T10:38:26.127-05:00  INFO 93990 --- [luxe-corporate-service] [           main] c.l.c.r.CorporateAuthenticatedTest       : Starting CorporateAuthenticatedTest using Java 21.0.2 with PID 93990 (started by lmotati in /Users/lmotati/Workspace-IntelliJ/luxe-hotels-graphqlwithJava/subgraph-corporate)
2026-05-08T10:38:26.127-05:00 DEBUG 93990 --- [luxe-corporate-service] [           main] c.l.c.r.CorporateAuthenticatedTest       : Running with Spring Boot v3.3.4, Spring v6.1.13
2026-05-08T10:38:26.127-05:00  INFO 93990 --- [luxe-corporate-service] [           main] c.l.c.r.CorporateAuthenticatedTest       : No active profile set, falling back to 1 default profile: "local"
2026-05-08T10:38:26.236-05:00  WARN 93990 --- [luxe-corporate-service] [           main] .s.s.UserDetailsServiceAutoConfiguration : 

Using generated security password: 96153000-2cd8-4234-8d8a-12dbbb8f63e4

This generated password is for development use only. Your security configuration must be updated before running your application in production.

2026-05-08T10:38:26.237-05:00  INFO 93990 --- [luxe-corporate-service] [           main] r$InitializeUserDetailsManagerConfigurer : Global AuthenticationManager configured with UserDetailsService bean with name inMemoryUserDetailsManager
2026-05-08T10:38:26.258-05:00  INFO 93990 --- [luxe-corporate-service] [           main] c.n.g.d.s.ReloadableGraphQLSource        : Rebuilding GraphQLSource
2026-05-08T10:38:26.301-05:00  INFO 93990 --- [luxe-corporate-service] [           main] s.b.a.g.s.GraphQlWebMvcAutoConfiguration : GraphQL endpoint HTTP POST /graphql
2026-05-08T10:38:26.313-05:00  INFO 93990 --- [luxe-corporate-service] [           main] o.s.b.a.e.web.EndpointLinksResolver      : Exposing 3 endpoints beneath base path '/actuator'
2026-05-08T10:38:26.366-05:00  INFO 93990 --- [luxe-corporate-service] [           main] c.l.c.r.CorporateAuthenticatedTest       : Started CorporateAuthenticatedTest in 0.254 seconds (process running for 3.608)
2026-05-08T10:38:26.368-05:00  INFO 93990 --- [luxe-corporate-service] [           main] com.luxe.common.GraphQL                  : >> (anonymous) variables={} query="mutation { addCorporateTraveler(input: { accountId: "corp-not-real", guestId: "guest-x", employeeId: "X" }) { __typename ... on CorporateTraveler { id } ... on NotFoundError { code } ... on Validation…"
2026-05-08T10:38:26.370-05:00  INFO 93990 --- [luxe-corporate-service] [           main] com.luxe.common.GraphQL                  : << (anonymous) done in 2ms
]]></system-out>
  </testcase>
  <testcase name="pending_approvals_returns_list" classname="com.luxe.corporate.resolver.CorporateAuthenticatedTest" time="0.009">
    <system-out><![CDATA[2026-05-08T10:38:26.434-05:00  INFO 93990 --- [luxe-corporate-service] [           main] com.luxe.common.GraphQL                  : >> (anonymous) variables={} query="{ pendingApprovals(accountId: "corp-001") { id status totalAmount { amount } } }"
2026-05-08T10:38:26.437-05:00  INFO 93990 --- [luxe-corporate-service] [           main] com.luxe.common.GraphQL                  : << (anonymous) done in 4ms
]]></system-out>
  </testcase>
  <testcase name="add_corporate_traveler_returns_traveler" classname="com.luxe.corporate.resolver.CorporateAuthenticatedTest" time="0.007">
    <system-out><![CDATA[2026-05-08T10:38:26.443-05:00  INFO 93990 --- [luxe-corporate-service] [           main] com.luxe.common.GraphQL                  : >> (anonymous) variables={} query="mutation { addCorporateTraveler(input: { accountId: "corp-001", guestId: "guest-new-traveler", employeeId: "EMP-NEW", department: "Engineering", travelClass: BUSINESS }) { ... on CorporateTraveler { i…"
2026-05-08T10:38:26.447-05:00  INFO 93990 --- [luxe-corporate-service] [           main] com.luxe.common.GraphQL                  : << (anonymous) done in 4ms
]]></system-out>
  </testcase>
  <testcase name="negotiated_rates_returns_rates" classname="com.luxe.corporate.resolver.CorporateAuthenticatedTest" time="0.028">
    <system-out><![CDATA[2026-05-08T10:38:26.451-05:00  INFO 93990 --- [luxe-corporate-service] [           main] com.luxe.common.GraphQL                  : >> (anonymous) variables={} query="{ negotiatedRates(accountId: "corp-001") { id rateName discountPercent } }"
2026-05-08T10:38:26.454-05:00  INFO 93990 --- [luxe-corporate-service] [           main] com.luxe.common.GraphQL                  : << (anonymous) done in 3ms
]]></system-out>
  </testcase>
  <testcase name="travel_report_returns_report_summary" classname="com.luxe.corporate.resolver.CorporateAuthenticatedTest" time="0.009">
    <system-out><![CDATA[2026-05-08T10:38:26.480-05:00  INFO 93990 --- [luxe-corporate-service] [           main] com.luxe.common.GraphQL                  : >> (anonymous) variables={} query="{ travelReport(accountId: "corp-001", period: YTD) { totalTrips totalSpend { amount currency } policyComplianceRate spendByMonth { month trips } } }"
2026-05-08T10:38:26.485-05:00  INFO 93990 --- [luxe-corporate-service] [           main] com.luxe.common.GraphQL                  : << (anonymous) done in 5ms
]]></system-out>
  </testcase>
  <testcase name="remove_corporate_traveler_known_traveler_returns_true" classname="com.luxe.corporate.resolver.CorporateAuthenticatedTest" time="0.006">
    <system-out><![CDATA[2026-05-08T10:38:26.488-05:00  INFO 93990 --- [luxe-corporate-service] [           main] com.luxe.common.GraphQL                  : >> (anonymous) variables={} query="mutation { addCorporateTraveler(input: { accountId: "corp-001", guestId: "guest-tmp", employeeId: "EMP-TMP" }) { ... on CorporateTraveler { id } } }"
2026-05-08T10:38:26.489-05:00  INFO 93990 --- [luxe-corporate-service] [           main] com.luxe.common.GraphQL                  : << (anonymous) done in 1ms
2026-05-08T10:38:26.490-05:00  INFO 93990 --- [luxe-corporate-service] [           main] com.luxe.common.GraphQL                  : >> (anonymous) variables={} query="mutation { removeCorporateTraveler(travelerId: "trv-092d661e") }"
2026-05-08T10:38:26.490-05:00  INFO 93990 --- [luxe-corporate-service] [           main] com.luxe.common.GraphQL                  : << (anonymous) done in 0ms
]]></system-out>
  </testcase>
  <testcase name="remove_unknown_traveler_returns_false" classname="com.luxe.corporate.resolver.CorporateAuthenticatedTest" time="0.004">
    <system-out><![CDATA[2026-05-08T10:38:26.494-05:00  INFO 93990 --- [luxe-corporate-service] [           main] com.luxe.common.GraphQL                  : >> (anonymous) variables={} query="mutation { removeCorporateTraveler(travelerId: "trv-not-real") }"
2026-05-08T10:38:26.495-05:00  INFO 93990 --- [luxe-corporate-service] [           main] com.luxe.common.GraphQL                  : << (anonymous) done in 1ms
]]></system-out>
  </testcase>
  <testcase name="enroll_corporate_creates_account_in_pending_review" classname="com.luxe.corporate.resolver.CorporateAuthenticatedTest" time="0.006">
    <system-out><![CDATA[2026-05-08T10:38:26.499-05:00  INFO 93990 --- [luxe-corporate-service] [           main] com.luxe.common.GraphQL                  : >> (anonymous) variables={} query="mutation { enrollCorporate(input: { companyName: "New Corp", industry: "Tech", primaryContact: { name: "Alice", email: "alice@new.example" }, contractStartDate: "2026-09-01", contractEndDate: "2027-08…"
2026-05-08T10:38:26.502-05:00  INFO 93990 --- [luxe-corporate-service] [           main] com.luxe.common.GraphQL                  : << (anonymous) done in 3ms
]]></system-out>
  </testcase>
  <testcase name="negotiated_rates_filter_by_hotel" classname="com.luxe.corporate.resolver.CorporateAuthenticatedTest" time="0.004">
    <system-out><![CDATA[2026-05-08T10:38:26.505-05:00  INFO 93990 --- [luxe-corporate-service] [           main] com.luxe.common.GraphQL                  : >> (anonymous) variables={} query="{ negotiatedRates(accountId: "corp-001", propertyId: "prop-paris-001") { hotelId rateName } }"
2026-05-08T10:38:26.507-05:00  INFO 93990 --- [luxe-corporate-service] [           main] com.luxe.common.GraphQL                  : << (anonymous) done in 1ms
]]></system-out>
  </testcase>
  <testcase name="review_travel_approval_with_approve_decision_marks_approved" classname="com.luxe.corporate.resolver.CorporateAuthenticatedTest" time="0.006">
    <system-out><![CDATA[2026-05-08T10:38:26.510-05:00  INFO 93990 --- [luxe-corporate-service] [           main] com.luxe.common.GraphQL                  : >> (anonymous) variables={} query="mutation { reviewTravelApproval(approvalId: "apr-001", decision: APPROVE, notes: "OK to exceed cap once") { __typename ... on TravelApproval { id status decidedBy notes } ... on NotFoundError { code }…"
2026-05-08T10:38:26.514-05:00  INFO 93990 --- [luxe-corporate-service] [           main] com.luxe.common.GraphQL                  : << (anonymous) done in 4ms
]]></system-out>
  </testcase>
  <testcase name="update_travel_policy_unknown_account_returns_not_found" classname="com.luxe.corporate.resolver.CorporateAuthenticatedTest" time="0.003">
    <system-out><![CDATA[2026-05-08T10:38:26.516-05:00  INFO 93990 --- [luxe-corporate-service] [           main] com.luxe.common.GraphQL                  : >> (anonymous) variables={} query="mutation { updateTravelPolicy(accountId: "corp-not-real", input: { maxNightlyRateUsd: 100.0 }) { __typename ... on TravelPolicy { id } ... on NotFoundError { code } ... on ValidationError { code } } }"
2026-05-08T10:38:26.518-05:00  INFO 93990 --- [luxe-corporate-service] [           main] com.luxe.common.GraphQL                  : << (anonymous) done in 2ms
]]></system-out>
  </testcase>
  <testcase name="travel_policy_returns_policy" classname="com.luxe.corporate.resolver.CorporateAuthenticatedTest" time="0.009">
    <system-out><![CDATA[2026-05-08T10:38:26.522-05:00  INFO 93990 --- [luxe-corporate-service] [           main] com.luxe.common.GraphQL                  : >> (anonymous) variables={} query="{ travelPolicy(accountId: "corp-001") { id requiresBusinessJustification approvalChain { level approverRole } rateCaps { city countryCode } } }"
2026-05-08T10:38:26.527-05:00  INFO 93990 --- [luxe-corporate-service] [           main] com.luxe.common.GraphQL                  : << (anonymous) done in 5ms
]]></system-out>
  </testcase>
  <testcase name="update_travel_policy_returns_updated_policy" classname="com.luxe.corporate.resolver.CorporateAuthenticatedTest" time="0.006">
    <system-out><![CDATA[2026-05-08T10:38:26.531-05:00  INFO 93990 --- [luxe-corporate-service] [           main] com.luxe.common.GraphQL                  : >> (anonymous) variables={} query="mutation { updateTravelPolicy(accountId: "corp-001", input: { maxNightlyRateUsd: 850.50, requiresApprovalAboveUsd: 1200.0, advanceBookingRequired: true, advanceBookingDays: 21, requiresBusinessJustifi…"
2026-05-08T10:38:26.533-05:00  INFO 93990 --- [luxe-corporate-service] [           main] com.luxe.common.GraphQL                  : << (anonymous) done in 2ms
]]></system-out>
  </testcase>
  <testcase name="corporate_account_by_id_returns_account_with_admin_role" classname="com.luxe.corporate.resolver.CorporateAuthenticatedTest" time="0.004">
    <system-out><![CDATA[2026-05-08T10:38:26.537-05:00  INFO 93990 --- [luxe-corporate-service] [           main] com.luxe.common.GraphQL                  : >> (anonymous) variables={} query="{ corporateAccount(id: "corp-002") { id companyName tier } }"
2026-05-08T10:38:26.538-05:00  INFO 93990 --- [luxe-corporate-service] [           main] com.luxe.common.GraphQL                  : << (anonymous) done in 1ms
]]></system-out>
  </testcase>
  <testcase name="my_corporate_account_returns_account_for_authenticated_traveler" classname="com.luxe.corporate.resolver.CorporateAuthenticatedTest" time="0.004">
    <system-out><![CDATA[2026-05-08T10:38:26.542-05:00  INFO 93990 --- [luxe-corporate-service] [           main] com.luxe.common.GraphQL                  : >> (anonymous) variables={} query="{ myCorporateAccount { id companyName tier } }"
2026-05-08T10:38:26.543-05:00  INFO 93990 --- [luxe-corporate-service] [           main] com.luxe.common.GraphQL                  : << (anonymous) done in 2ms
]]></system-out>
  </testcase>
  <testcase name="review_unknown_approval_returns_not_found" classname="com.luxe.corporate.resolver.CorporateAuthenticatedTest" time="0.003">
    <system-out><![CDATA[2026-05-08T10:38:26.546-05:00  INFO 93990 --- [luxe-corporate-service] [           main] com.luxe.common.GraphQL                  : >> (anonymous) variables={} query="mutation { reviewTravelApproval(approvalId: "apr-not-real", decision: DENY) { __typename ... on TravelApproval { id } ... on NotFoundError { code } ... on ValidationError { code } } }"
2026-05-08T10:38:26.547-05:00  INFO 93990 --- [luxe-corporate-service] [           main] com.luxe.common.GraphQL                  : << (anonymous) done in 1ms
]]></system-out>
  </testcase>
</testsuite>